mode: set
github.com/ModernWebAppWithGo/bookings/cmd/web/main.go:23.13,26.16 2 0
github.com/ModernWebAppWithGo/bookings/cmd/web/main.go:30.2,38.16 4 0
github.com/ModernWebAppWithGo/bookings/cmd/web/main.go:26.16,28.3 1 0
github.com/ModernWebAppWithGo/bookings/cmd/web/main.go:38.16,40.3 1 0
github.com/ModernWebAppWithGo/bookings/cmd/web/main.go:43.18,61.16 10 1
github.com/ModernWebAppWithGo/bookings/cmd/web/main.go:65.2,72.12 6 1
github.com/ModernWebAppWithGo/bookings/cmd/web/main.go:61.16,64.3 2 0
github.com/ModernWebAppWithGo/bookings/cmd/web/middleware.go:10.45,21.2 3 1
github.com/ModernWebAppWithGo/bookings/cmd/web/middleware.go:24.50,26.2 1 1
github.com/ModernWebAppWithGo/bookings/cmd/web/routes.go:12.49,38.2 18 1
